#-----------------------------------------------------------
# Vivado v2019.1 (64-bit)
# SW Build 2552052 on Fri May 24 14:49:42 MDT 2019
# IP Build 2548770 on Fri May 24 18:01:18 MDT 2019
# Start of session at: Sat Oct  8 20:33:59 2022
# Process ID: 4128
# Current directory: C:/Users/12345/Desktop/interface/Interface_computer_system/lab_1/Lab1
# Command line: vivado.exe -gui_launcher_event rodinguilauncherevent10648 C:\Users\12345\Desktop\interface\Interface_computer_system\lab_1\Lab1\Lab1.xpr
# Log file: C:/Users/12345/Desktop/interface/Interface_computer_system/lab_1/Lab1/vivado.log
# Journal file: C:/Users/12345/Desktop/interface/Interface_computer_system/lab_1/Lab1\vivado.jou
#-----------------------------------------------------------
start_gui
open_project C:/Users/12345/Desktop/interface/Interface_computer_system/lab_1/Lab1/Lab1.xpr
Scanning sources...
Finished scanning sources
INFO: [IP_Flow 19-234] Refreshing IP repositories
INFO: [IP_Flow 19-1704] No user IP repositories specified
INFO: [IP_Flow 19-2313] Loaded Vivado IP repository 'D:/Vivado_miet/Vivado/2019.1/data/ip'.
open_project: Time (s): cpu = 00:00:20 ; elapsed = 00:00:10 . Memory (MB): peak = 658.574 ; gain = 66.285
update_compile_order -fileset sources_1
exit
INFO: [Common 17-206] Exiting Vivado at Sat Oct  8 20:35:50 2022...
