#-----------------------------------------------------------
# Vivado v2019.1 (64-bit)
# SW Build 2552052 on Fri May 24 14:49:42 MDT 2019
# IP Build 2548770 on Fri May 24 18:01:18 MDT 2019
# Start of session at: Sat Oct  8 20:36:30 2022
# Process ID: 5552
# Current directory: C:/Users/12345/Desktop/interface/Interface_computer_system/lab_1/Lab1
# Command line: vivado.exe -gui_launcher_event rodinguilauncherevent6972 C:\Users\12345\Desktop\interface\Interface_computer_system\lab_1\Lab1\Lab1.xpr
# Log file: C:/Users/12345/Desktop/interface/Interface_computer_system/lab_1/Lab1/vivado.log
# Journal file: C:/Users/12345/Desktop/interface/Interface_computer_system/lab_1/Lab1\vivado.jou
#-----------------------------------------------------------
start_gui
open_project C:/Users/12345/Desktop/interface/Interface_computer_system/lab_1/Lab1/Lab1.xpr
Scanning sources...
Finished scanning sources
INFO: [IP_Flow 19-234] Refreshing IP repositories
INFO: [IP_Flow 19-1704] No user IP repositories specified
INFO: [IP_Flow 19-2313] Loaded Vivado IP repository 'D:/Vivado_miet/Vivado/2019.1/data/ip'.
open_project: Time (s): cpu = 00:00:13 ; elapsed = 00:00:05 . Memory (MB): peak = 678.309 ; gain = 42.863
update_compile_order -fileset sources_1
update_compile_order -fileset sources_1
update_compile_order -fileset sources_1
update_compile_order -fileset sim_1
update_compile_order -fileset sim_1
launch_simulation
INFO: [Vivado 12-5682] Launching behavioral simulation in 'C:/Users/12345/Desktop/interface/Interface_computer_system/lab_1/Lab1/Lab1.sim/sim_1/behav/xsim'
INFO: [SIM-utils-51] Simulation object is 'sim_1'
INFO: [SIM-utils-54] Inspecting design source files for 'Decoder_bench' in fileset 'sim_1'...
INFO: [USF-XSim-97] Finding global include files...
INFO: [USF-XSim-98] Fetching design files from 'sim_1'...
INFO: [USF-XSim-2] XSim::Compile design
INFO: [USF-XSim-61] Executing 'COMPILE and ANALYZE' step in 'C:/Users/12345/Desktop/interface/Interface_computer_system/lab_1/Lab1/Lab1.sim/sim_1/behav/xsim'
"xvlog --incr --relax -prj Decoder_bench_vlog.prj"
INFO: [VRFC 10-2263] Analyzing SystemVerilog file "C:/Users/12345/Desktop/interface/Interface_computer_system/lab_1/Lab1/Lab1.srcs/sources_1/imports/src/Decoder.sv" into library xil_defaultlib
INFO: [VRFC 10-311] analyzing module Decoder
INFO: [VRFC 10-2263] Analyzing SystemVerilog file "C:/Users/12345/Desktop/interface/Interface_computer_system/lab_1/Lab1/Lab1.srcs/sim_1/imports/testbench/Decoder_bench.sv" into library xil_defaultlib
INFO: [VRFC 10-311] analyzing module Decoder_bench
INFO: [VRFC 10-2263] Analyzing Verilog file "C:/Users/12345/Desktop/interface/Interface_computer_system/lab_1/Lab1/Lab1.sim/sim_1/behav/xsim/glbl.v" into library xil_defaultlib
INFO: [VRFC 10-311] analyzing module glbl
INFO: [USF-XSim-69] 'compile' step finished in '2' seconds
INFO: [USF-XSim-3] XSim::Elaborate design
INFO: [USF-XSim-61] Executing 'ELABORATE' step in 'C:/Users/12345/Desktop/interface/Interface_computer_system/lab_1/Lab1/Lab1.sim/sim_1/behav/xsim'
"xelab -wto f269e41e898b4718bd1ce1515ef73b87 --incr --debug typical --relax --mt 2 -L xil_defaultlib -L unisims_ver -L unimacro_ver -L secureip --snapshot Decoder_bench_behav xil_defaultlib.Decoder_bench xil_defaultlib.glbl -log elaborate.log"
Vivado Simulator 2019.1
Copyright 1986-1999, 2001-2019 Xilinx, Inc. All Rights Reserved.
Running: D:/Vivado_miet/Vivado/2019.1/bin/unwrapped/win64.o/xelab.exe -wto f269e41e898b4718bd1ce1515ef73b87 --incr --debug typical --relax --mt 2 -L xil_defaultlib -L unisims_ver -L unimacro_ver -L secureip --snapshot Decoder_bench_behav xil_defaultlib.Decoder_bench xil_defaultlib.glbl -log elaborate.log 
Using 2 slave threads.
Starting static elaboration
Completed static elaboration
Starting simulation data flow analysis
Completed simulation data flow analysis
Time Resolution for simulation is 1ps
Compiling module xil_defaultlib.Decoder
Compiling module xil_defaultlib.Decoder_bench
Compiling module xil_defaultlib.glbl
Built simulation snapshot Decoder_bench_behav

****** Webtalk v2019.1 (64-bit)
  **** SW Build 2552052 on Fri May 24 14:49:42 MDT 2019
  **** IP Build 2548770 on Fri May 24 18:01:18 MDT 2019
    ** Copyright 1986-2019 Xilinx, Inc. All Rights Reserved.

source C:/Users/12345/Desktop/interface/Interface_computer_system/lab_1/Lab1/Lab1.sim/sim_1/behav/xsim/xsim.dir/Decoder_bench_behav/webtalk/xsim_webtalk.tcl -notrace
INFO: [Common 17-186] 'C:/Users/12345/Desktop/interface/Interface_computer_system/lab_1/Lab1/Lab1.sim/sim_1/behav/xsim/xsim.dir/Decoder_bench_behav/webtalk/usage_statistics_ext_xsim.xml' has been successfully sent to Xilinx on Sat Oct  8 20:52:35 2022. For additional details about this file, please refer to the WebTalk help file at D:/Vivado_miet/Vivado/2019.1/doc/webtalk_introduction.html.
INFO: [Common 17-206] Exiting Webtalk at Sat Oct  8 20:52:35 2022...
run_program: Time (s): cpu = 00:00:01 ; elapsed = 00:00:09 . Memory (MB): peak = 715.121 ; gain = 0.000
INFO: [USF-XSim-69] 'elaborate' step finished in '9' seconds
INFO: [USF-XSim-4] XSim::Simulate design
INFO: [USF-XSim-61] Executing 'SIMULATE' step in 'C:/Users/12345/Desktop/interface/Interface_computer_system/lab_1/Lab1/Lab1.sim/sim_1/behav/xsim'
INFO: [USF-XSim-98] *** Running xsim
   with args "Decoder_bench_behav -key {Behavioral:sim_1:Functional:Decoder_bench} -tclbatch {Decoder_bench.tcl} -log {simulate.log}"
INFO: [USF-XSim-8] Loading simulator feature
Vivado Simulator 2019.1
Time resolution is 1 ps
source Decoder_bench.tcl
# set curr_wave [current_wave_config]
# if { [string length $curr_wave] == 0 } {
#   if { [llength [get_objects]] > 0} {
#     add_wave /
#     set_property needs_save false [current_wave_config]
#   } else {
#      send_msg_id Add_Wave-1 WARNING "No top level signals found. Simulator will start without a wave window. If you want to open a wave window go to 'File->New Waveform Configuration' or type 'create_wave_config' in the TCL console."
#   }
# }
# run 1000ns
INFO: [USF-XSim-96] XSim completed. Design snapshot 'Decoder_bench_behav' loaded.
INFO: [USF-XSim-97] XSim simulation ran for 1000ns
launch_simulation: Time (s): cpu = 00:00:07 ; elapsed = 00:00:16 . Memory (MB): peak = 728.402 ; gain = 13.281
relaunch_sim
suspend_sim: Time (s): cpu = 00:00:00 ; elapsed = 00:00:05 . Memory (MB): peak = 737.258 ; gain = 0.000
INFO: [Vivado 12-5682] Launching behavioral simulation in 'C:/Users/12345/Desktop/interface/Interface_computer_system/lab_1/Lab1/Lab1.sim/sim_1/behav/xsim'
INFO: [SIM-utils-51] Simulation object is 'sim_1'
INFO: [SIM-utils-54] Inspecting design source files for 'Decoder_bench' in fileset 'sim_1'...
INFO: [USF-XSim-97] Finding global include files...
INFO: [USF-XSim-98] Fetching design files from 'sim_1'...
INFO: [USF-XSim-2] XSim::Compile design
INFO: [USF-XSim-61] Executing 'COMPILE and ANALYZE' step in 'C:/Users/12345/Desktop/interface/Interface_computer_system/lab_1/Lab1/Lab1.sim/sim_1/behav/xsim'
"xvlog --incr --relax -prj Decoder_bench_vlog.prj"
INFO: [VRFC 10-2263] Analyzing SystemVerilog file "C:/Users/12345/Desktop/interface/Interface_computer_system/lab_1/Lab1/Lab1.srcs/sources_1/imports/src/Decoder.sv" into library xil_defaultlib
INFO: [VRFC 10-311] analyzing module Decoder
INFO: [VRFC 10-2263] Analyzing SystemVerilog file "C:/Users/12345/Desktop/interface/Interface_computer_system/lab_1/Lab1/Lab1.srcs/sim_1/imports/testbench/Decoder_bench.sv" into library xil_defaultlib
INFO: [VRFC 10-311] analyzing module Decoder_bench
INFO: [USF-XSim-69] 'compile' step finished in '1' seconds
INFO: [Vivado 12-5682] Launching behavioral simulation in 'C:/Users/12345/Desktop/interface/Interface_computer_system/lab_1/Lab1/Lab1.sim/sim_1/behav/xsim'
INFO: [USF-XSim-3] XSim::Elaborate design
INFO: [USF-XSim-61] Executing 'ELABORATE' step in 'C:/Users/12345/Desktop/interface/Interface_computer_system/lab_1/Lab1/Lab1.sim/sim_1/behav/xsim'
"xelab -wto f269e41e898b4718bd1ce1515ef73b87 --incr --debug typical --relax --mt 2 -L xil_defaultlib -L unisims_ver -L unimacro_ver -L secureip --snapshot Decoder_bench_behav xil_defaultlib.Decoder_bench xil_defaultlib.glbl -log elaborate.log"
Vivado Simulator 2019.1
Copyright 1986-1999, 2001-2019 Xilinx, Inc. All Rights Reserved.
Running: D:/Vivado_miet/Vivado/2019.1/bin/unwrapped/win64.o/xelab.exe -wto f269e41e898b4718bd1ce1515ef73b87 --incr --debug typical --relax --mt 2 -L xil_defaultlib -L unisims_ver -L unimacro_ver -L secureip --snapshot Decoder_bench_behav xil_defaultlib.Decoder_bench xil_defaultlib.glbl -log elaborate.log 
Using 2 slave threads.
Starting static elaboration
Completed static elaboration
Starting simulation data flow analysis
Completed simulation data flow analysis
Time Resolution for simulation is 1ps
Compiling module xil_defaultlib.Decoder
Compiling module xil_defaultlib.Decoder_bench
Compiling module xil_defaultlib.glbl
Built simulation snapshot Decoder_bench_behav
INFO: [USF-XSim-69] 'elaborate' step finished in '2' seconds
Vivado Simulator 2019.1
Time resolution is 1 ps
relaunch_sim: Time (s): cpu = 00:00:02 ; elapsed = 00:00:10 . Memory (MB): peak = 737.258 ; gain = 0.000
close_sim
INFO: [Simtcl 6-16] Simulation closed
exit
INFO: [Common 17-206] Exiting Vivado at Sat Oct  8 20:56:05 2022...
